[debug] [2022-07-17T23:41:09.934Z] ----------------------------------------------------------------------
[debug] [2022-07-17T23:41:09.937Z] Command:       C:\Program Files\nodejs\node.exe C:\Users\SLELBN93T\AppData\Roaming\npm\node_modules\firebase-tools\lib\bin\firebase.js init
[debug] [2022-07-17T23:41:09.937Z] CLI Version:   11.2.2
[debug] [2022-07-17T23:41:09.937Z] Platform:      win32
[debug] [2022-07-17T23:41:09.938Z] Node Version:  v16.14.2
[debug] [2022-07-17T23:41:09.939Z] Time:          Mon Jul 18 2022 01:41:09 GMT+0200 (Ora legale dell’Europa centrale)
[debug] [2022-07-17T23:41:09.939Z] ----------------------------------------------------------------------
[debug] 
[debug] [2022-07-17T23:41:09.942Z] >>> [apiv2][query] GET https://firebase-public.firebaseio.com/cli.json [none]
[debug] [2022-07-17T23:41:09.965Z] > command requires scopes: ["email","openid","https://www.googleapis.com/auth/cloudplatformprojects.readonly","https://www.googleapis.com/auth/firebase","https://www.googleapis.com/auth/cloud-platform"]
[debug] [2022-07-17T23:41:09.965Z] > authorizing via signed-in user (selaalbina@gmail.com)
[info] 
     ######## #### ########  ######## ########     ###     ######  ########
     ##        ##  ##     ## ##       ##     ##  ##   ##  ##       ##
     ######    ##  ########  ######   ########  #########  ######  ######
     ##        ##  ##    ##  ##       ##     ## ##     ##       ## ##
     ##       #### ##     ## ######## ########  ##     ##  ######  ########

You're about to initialize a Firebase project in this directory:

  C:\xampp\htdocs\projects\FullStackProject

Before we get started, keep in mind:

  * You are currently outside your home directory

[debug] [2022-07-17T23:41:10.353Z] <<< [apiv2][status] GET https://firebase-public.firebaseio.com/cli.json 200
[debug] [2022-07-17T23:41:10.354Z] <<< [apiv2][body] GET https://firebase-public.firebaseio.com/cli.json {"cloudBuildErrorAfter":1594252800000,"cloudBuildWarnAfter":1590019200000,"defaultNode10After":1594252800000,"minVersion":"3.0.5","node8DeploysDisabledAfter":1613390400000,"node8RuntimeDisabledAfter":1615809600000,"node8WarnAfter":1600128000000}
[info] 
=== Project Setup
[info] 
[info] First, let's associate this project directory with a Firebase project.
[info] You can create multiple project aliases by running firebase use --add, 
[info] but for now we'll just set up a default project.
[info] 
[debug] [2022-07-17T23:41:24.043Z] > refreshing access token with scopes: []
[debug] [2022-07-17T23:41:24.047Z] >>> [apiv2][query] POST https://www.googleapis.com/oauth2/v3/token [none]
[debug] [2022-07-17T23:41:24.047Z] >>> [apiv2][body] POST https://www.googleapis.com/oauth2/v3/token [omitted]
[debug] [2022-07-17T23:41:24.160Z] <<< [apiv2][status] POST https://www.googleapis.com/oauth2/v3/token 200
[debug] [2022-07-17T23:41:24.160Z] <<< [apiv2][body] POST https://www.googleapis.com/oauth2/v3/token [omitted]
[debug] [2022-07-17T23:41:24.196Z] >>> [apiv2][query] GET https://firebase.googleapis.com/v1beta1/projects pageSize=100
[debug] [2022-07-17T23:41:24.808Z] <<< [apiv2][status] GET https://firebase.googleapis.com/v1beta1/projects 200
[debug] [2022-07-17T23:41:24.809Z] <<< [apiv2][body] GET https://firebase.googleapis.com/v1beta1/projects [omitted]
